\BOOKMARK [0][-]{chapter*.1}{\376\377\144\130\000\040\000\040\211\201}{}% 1
\BOOKMARK [0][-]{chapter*.2}{\376\377\000A\000b\000s\000t\000r\000a\000c\000t}{}% 2
\BOOKMARK [0][-]{chapter*.3}{\376\377\166\356\137\125}{}% 3
\BOOKMARK [0][-]{chapter.1}{\376\377\137\025\212\000}{}% 4
\BOOKMARK [1][-]{section.1.1}{\376\377\174\373\176\337\211\201\154\102}{chapter.1}% 5
\BOOKMARK [1][-]{section.1.2}{\376\377\116\013\217\175\116\016\117\177\165\050}{chapter.1}% 6
\BOOKMARK [1][-]{section.1.3}{\376\377\225\356\230\230\123\315\231\210}{chapter.1}% 7
\BOOKMARK [2][-]{subsection.1.3.1}{\376\377\166\356\122\115\134\032\133\130\127\050\166\204\225\356\230\230}{section.1.3}% 8
\BOOKMARK [0][-]{chapter.2}{\376\377\117\177\165\050\173\200\116\313}{}% 9
\BOOKMARK [1][-]{section.2.1}{\376\377\121\110\213\325\213\325\145\110\147\234}{chapter.2}% 10
\BOOKMARK [1][-]{section.2.2}{\376\377\203\003\117\213\145\207\150\143\176\323\147\204}{chapter.2}% 11
\BOOKMARK [0][-]{chapter.3}{\376\377\145\207\150\143\147\266\147\204}{}% 12
\BOOKMARK [1][-]{section.3.1}{\376\377\172\340\202\202\143\247\122\066\155\101\172\013}{chapter.3}% 13
\BOOKMARK [2][-]{subsection.3.1.1}{\376\377\121\150\145\207\155\101\172\013}{section.3.1}% 14
\BOOKMARK [2][-]{subsection.3.1.2}{\376\377\172\340\202\202\213\276\177\156}{section.3.1}% 15
\BOOKMARK [1][-]{section.3.2}{\376\377\116\244\123\311\137\025\165\050}{chapter.3}% 16
\BOOKMARK [2][-]{subsection.3.2.1}{\376\377\121\154\137\017\060\001\126\376\210\150\124\214\143\322\126\376\137\025\165\050}{section.3.2}% 17
\BOOKMARK [2][-]{subsection.3.2.2}{\376\377\145\207\163\056\137\025\165\050}{section.3.2}% 18
\BOOKMARK [0][-]{chapter.4}{\376\377\121\154\137\017\060\001\126\376\210\150\124\214\143\322\126\376}{}% 19
\BOOKMARK [1][-]{section.4.1}{\376\377\121\154\137\017\123\312\147\057\213\355\210\150}{chapter.4}% 20
\BOOKMARK [1][-]{section.4.2}{\376\377\210\150\150\074}{chapter.4}% 21
\BOOKMARK [1][-]{section.4.3}{\376\377\143\322\126\376}{chapter.4}% 22
\BOOKMARK [0][-]{chapter.5}{\376\377\123\127\116\254\164\006\135\345\131\047\133\146\123\132\130\353\060\001\170\125\130\353\133\146\117\115\213\272\145\207\144\260\121\231\150\074\137\017}{}% 23
\BOOKMARK [1][-]{section.5.1}{\376\377\133\146\117\115\213\272\145\207\166\204\210\305\213\242}{chapter.5}% 24
\BOOKMARK [1][-]{section.5.2}{\376\377\133\146\117\115\213\272\145\207\122\115\177\156\220\350\122\006}{chapter.5}% 25
\BOOKMARK [2][-]{subsection.5.2.1}{\376\377\134\001\227\142}{section.5.2}% 26
\BOOKMARK [2][-]{subsection.5.2.2}{\376\377\134\001\116\214}{section.5.2}% 27
\BOOKMARK [2][-]{subsection.5.2.3}{\376\377\130\360\146\016}{section.5.2}% 28
\BOOKMARK [2][-]{subsection.5.2.4}{\376\377\144\130\211\201}{section.5.2}% 29
\BOOKMARK [2][-]{subsection.5.2.5}{\376\377\121\163\225\056\213\315}{section.5.2}% 30
\BOOKMARK [2][-]{subsection.5.2.6}{\376\377\166\356\153\041\230\165}{section.5.2}% 31
\BOOKMARK [2][-]{subsection.5.2.7}{\376\377\126\376\210\150\156\005\123\125}{section.5.2}% 32
\BOOKMARK [2][-]{subsection.5.2.8}{\376\377\154\350\221\312\210\150}{section.5.2}% 33
\BOOKMARK [2][-]{subsection.5.2.9}{\376\377\154\350\221\312}{section.5.2}% 34
\BOOKMARK [1][-]{section.5.3}{\376\377\133\146\117\115\213\272\145\207\166\204\116\073\211\201\220\350\122\006}{chapter.5}% 35
\BOOKMARK [2][-]{subsection.5.3.1}{\376\377\137\025\212\000\377\010\142\026\176\352\213\272\377\011}{section.5.3}% 36
\BOOKMARK [2][-]{subsection.5.3.2}{\376\377\153\143\145\207}{section.5.3}% 37
\BOOKMARK [0][-]{chapter*.15}{\376\377\201\364\000\040\000\040\214\042}{}% 38
\BOOKMARK [0][-]{chapter*.17}{\376\377\226\104\000\040\000\040\137\125}{}% 39
\BOOKMARK [0][-]{chapter*.18}{\376\377\173\200\000\040\000\040\123\206}{}% 40
